<?xml version="1.0" encoding="UTF-8"?>
<!-- Generated by org.testng.reporters.JUnitReportReporter -->
<testsuite hostname="LAPTOP-35OE4P0O" failures="0" tests="1" name="testcases.TC004_PlacingOrderDetailsDelete" time="8.742" errors="0" timestamp="2024-05-16T19:45:41 MYT" skipped="0">
  <testcase classname="testcases.TC004_PlacingOrderDetailsDelete" name="run" time="8.742"/>
  <system-out/>
</testsuite> <!-- testcases.TC004_PlacingOrderDetailsDelete -->
