<?xml version="1.0" encoding="UTF-8"?>
<!-- Generated by org.testng.reporters.JUnitReportReporter -->
<testsuite hostname="LAPTOP-35OE4P0O" failures="0" tests="1" name="testcases.TC008_ListProductInConsole" time="4.838" errors="0" timestamp="2024-05-16T19:45:41 MYT" skipped="0">
  <testcase classname="testcases.TC008_ListProductInConsole" name="run" time="4.838"/>
  <system-out/>
</testsuite> <!-- testcases.TC008_ListProductInConsole -->
