<?xml version="1.0" encoding="UTF-8"?>
<!-- Generated by org.testng.reporters.JUnitReportReporter -->
<testsuite hostname="LAPTOP-35OE4P0O" failures="0" tests="1" name="testcases.TC007_AddNewAddress" time="8.658" errors="0" timestamp="2024-05-16T19:45:41 MYT" skipped="0">
  <testcase classname="testcases.TC007_AddNewAddress" name="run" time="8.658"/>
  <system-out/>
</testsuite> <!-- testcases.TC007_AddNewAddress -->
