<?xml version="1.0" encoding="UTF-8"?>
<!-- Generated by org.testng.reporters.JUnitReportReporter -->
<testsuite hostname="LAPTOP-35OE4P0O" failures="0" tests="1" name="testcases.TC001_Registration" time="6.847" errors="0" timestamp="2024-05-21T12:01:47 MYT" skipped="0">
  <testcase classname="testcases.TC001_Registration" name="run" time="6.847"/>
  <system-out/>
</testsuite> <!-- testcases.TC001_Registration -->
